# JRE version: OpenJDK Runtime Environment (17.0.7) (build 17.0.7+0-b2043.56-10550314)
# Java VM: OpenJDK 64-Bit Server VM (17.0.7+0-b2043.56-10550314, mixed mode, tiered, compressed oops, compressed class ptrs, g1 gc, windows-amd64)
GC Precious Log:
 CPUs: 12 total, 12 available
 Memory: 7917M
 Large Page Support: Disabled
 NUMA Support: Disabled
 Compressed Oops: Enabled (32-bit)
 Heap Region Size: 1M
 Heap Min Capacity: 8M
 Heap Initial Capacity: 124M
 Heap Max Capacity: 2G
 Pre-touch: Disabled
 Parallel Workers: 10
 Concurrent Workers: 3
 Concurrent Refinement Workers: 10
 Periodic GC: Disabled
Heap:
 garbage-first heap   total 132096K, used 80062K [0x0000000080000000, 0x0000000100000000)
  region size 1024K, 26 young (26624K), 4 survivors (4096K)
 Metaspace       used 75071K, committed 75584K, reserved 1179648K
  class space    used 10017K, committed 10240K, reserved 1048576K
GC Heap History (20 events):
Event: 7.004 GC heap before
{Heap before GC invocations=13 (full 0):
 garbage-first heap   total 82944K, used 64071K [0x0000000080000000, 0x0000000100000000)
  region size 1024K, 34 young (34816K), 4 survivors (4096K)
 Metaspace       used 53692K, committed 54208K, reserved 1114112K
  class space    used 7245K, committed 7488K, reserved 1048576K
}
Event: 7.008 GC heap after
{Heap after GC invocations=14 (full 0):
 garbage-first heap   total 100352K, used 36113K [0x0000000080000000, 0x0000000100000000)
  region size 1024K, 5 young (5120K), 5 survivors (5120K)
 Metaspace       used 53692K, committed 54208K, reserved 1114112K
  class space    used 7245K, committed 7488K, reserved 1048576K
}
Event: 7.504 GC heap before
{Heap before GC invocations=14 (full 0):
 garbage-first heap   total 100352K, used 84241K [0x0000000080000000, 0x0000000100000000)
  region size 1024K, 47 young (48128K), 5 survivors (5120K)
 Metaspace       used 56014K, committed 56512K, reserved 1114112K
  class space    used 7535K, committed 7744K, reserved 1048576K
}
Event: 7.509 GC heap after
{Heap after GC invocations=15 (full 0):
 garbage-first heap   total 100352K, used 49089K [0x0000000080000000, 0x0000000100000000)
  region size 1024K, 6 young (6144K), 6 survivors (6144K)
 Metaspace       used 56014K, committed 56512K, reserved 1114112K
  class space    used 7535K, committed 7744K, reserved 1048576K
}
Event: 7.770 GC heap before
{Heap before GC invocations=15 (full 0):
 garbage-first heap   total 100352K, used 77761K [0x0000000080000000, 0x0000000100000000)
  region size 1024K, 34 young (34816K), 6 survivors (6144K)
 Metaspace       used 58953K, committed 59456K, reserved 1114112K
  class space    used 7889K, committed 8128K, reserved 1048576K
}
Event: 7.774 GC heap after
{Heap after GC invocations=16 (full 0):
 garbage-first heap   total 100352K, used 49961K [0x0000000080000000, 0x0000000100000000)
  region size 1024K, 1 young (1024K), 1 survivors (1024K)
 Metaspace       used 58953K, committed 59456K, reserved 1114112K
  class space    used 7889K, committed 8128K, reserved 1048576K
}
Event: 7.815 GC heap before
{Heap before GC invocations=16 (full 0):
 garbage-first heap   total 100352K, used 54057K [0x0000000080000000, 0x0000000100000000)
  region size 1024K, 6 young (6144K), 1 survivors (1024K)
 Metaspace       used 59654K, committed 60096K, reserved 1114112K
  class space    used 7970K, committed 8192K, reserved 1048576K
}
Event: 7.817 GC heap after
{Heap after GC invocations=17 (full 0):
 garbage-first heap   total 100352K, used 49951K [0x0000000080000000, 0x0000000100000000)
  region size 1024K, 1 young (1024K), 1 survivors (1024K)
 Metaspace       used 59654K, committed 60096K, reserved 1114112K
  class space    used 7970K, committed 8192K, reserved 1048576K
}
Event: 8.130 GC heap before
{Heap before GC invocations=18 (full 0):
 garbage-first heap   total 100352K, used 80671K [0x0000000080000000, 0x0000000100000000)
  region size 1024K, 31 young (31744K), 1 survivors (1024K)
 Metaspace       used 62621K, committed 63168K, reserved 1114112K
  class space    used 8368K, committed 8640K, reserved 1048576K
}
Event: 8.132 GC heap after
{Heap after GC invocations=19 (full 0):
 garbage-first heap   total 100352K, used 50918K [0x0000000080000000, 0x0000000100000000)
  region size 1024K, 2 young (2048K), 2 survivors (2048K)
 Metaspace       used 62621K, committed 63168K, reserved 1114112K
  class space    used 8368K, committed 8640K, reserved 1048576K
}
Event: 8.367 GC heap before
{Heap before GC invocations=19 (full 0):
 garbage-first heap   total 100352K, used 69350K [0x0000000080000000, 0x0000000100000000)
  region size 1024K, 21 young (21504K), 2 survivors (2048K)
 Metaspace       used 66228K, committed 66816K, reserved 1114112K
  class space    used 8831K, committed 9088K, reserved 1048576K
}
Event: 8.370 GC heap after
{Heap after GC invocations=20 (full 0):
 garbage-first heap   total 100352K, used 52924K [0x0000000080000000, 0x0000000100000000)
  region size 1024K, 4 young (4096K), 4 survivors (4096K)
 Metaspace       used 66228K, committed 66816K, reserved 1114112K
  class space    used 8831K, committed 9088K, reserved 1048576K
}
Event: 8.401 GC heap before
{Heap before GC invocations=21 (full 0):
 garbage-first heap   total 107520K, used 65212K [0x0000000080000000, 0x0000000100000000)
  region size 1024K, 13 young (13312K), 4 survivors (4096K)
 Metaspace       used 66232K, committed 66816K, reserved 1114112K
  class space    used 8831K, committed 9088K, reserved 1048576K
}
Event: 8.404 GC heap after
{Heap after GC invocations=22 (full 0):
 garbage-first heap   total 107520K, used 58961K [0x0000000080000000, 0x0000000100000000)
  region size 1024K, 4 young (4096K), 4 survivors (4096K)
 Metaspace       used 66232K, committed 66816K, reserved 1114112K
  class space    used 8831K, committed 9088K, reserved 1048576K
}
Event: 8.570 GC heap before
{Heap before GC invocations=23 (full 0):
 garbage-first heap   total 109568K, used 81489K [0x0000000080000000, 0x0000000100000000)
  region size 1024K, 24 young (24576K), 4 survivors (4096K)
 Metaspace       used 67660K, committed 68224K, reserved 1114112K
  class space    used 9019K, committed 9280K, reserved 1048576K
}
Event: 8.572 GC heap after
{Heap after GC invocations=24 (full 0):
 garbage-first heap   total 109568K, used 56133K [0x0000000080000000, 0x0000000100000000)
  region size 1024K, 3 young (3072K), 3 survivors (3072K)
 Metaspace       used 67660K, committed 68224K, reserved 1114112K
  class space    used 9019K, committed 9280K, reserved 1048576K
}
Event: 8.767 GC heap before
{Heap before GC invocations=24 (full 0):
 garbage-first heap   total 109568K, used 79685K [0x0000000080000000, 0x0000000100000000)
  region size 1024K, 27 young (27648K), 3 survivors (3072K)
 Metaspace       used 69442K, committed 70016K, reserved 1114112K
  class space    used 9271K, committed 9536K, reserved 1048576K
}
Event: 8.769 GC heap after
{Heap after GC invocations=25 (full 0):
 garbage-first heap   total 132096K, used 57306K [0x0000000080000000, 0x0000000100000000)
  region size 1024K, 4 young (4096K), 4 survivors (4096K)
 Metaspace       used 69442K, committed 70016K, reserved 1114112K
  class space    used 9271K, committed 9536K, reserved 1048576K
}
Event: 9.151 GC heap before
{Heap before GC invocations=26 (full 0):
 garbage-first heap   total 132096K, used 96218K [0x0000000080000000, 0x0000000100000000)
  region size 1024K, 42 young (43008K), 4 survivors (4096K)
 Metaspace       used 73814K, committed 74368K, reserved 1114112K
  class space    used 9865K, committed 10112K, reserved 1048576K
}
Event: 9.156 GC heap after
{Heap after GC invocations=27 (full 0):
 garbage-first heap   total 132096K, used 59582K [0x0000000080000000, 0x0000000100000000)
  region size 1024K, 4 young (4096K), 4 survivors (4096K)
 Metaspace       used 73814K, committed 74368K, reserved 1114112K
  class space    used 9865K, committed 10112K, reserved 1048576K
}

